<?xml version="1.0" encoding="UTF-8"?>
<testng-results ignored="0" total="3" passed="3" failed="0" skipped="0">
  <reporter-output>
  </reporter-output>
  <suite started-at="2020-12-09T01:23:40 EST" name="Default suite" finished-at="2020-12-09T01:24:01 EST" duration-ms="21199">
    <groups>
    </groups>
    <test started-at="2020-12-09T01:23:40 EST" name="Default test" finished-at="2020-12-09T01:24:01 EST" duration-ms="21199">
      <class name="mpack.NegetiveTest">
        <test-method is-config="true" signature="setup()[pri:0, instance:mpack.NegetiveTest@4c1d9d4b]" started-at="2020-12-09T01:23:40 EST" name="setup" finished-at="2020-12-09T01:23:46 EST" duration-ms="6189" status="PASS">
          <reporter-output>
          </reporter-output>
        </test-method> <!-- setup -->
        <test-method signature="postest()[pri:1, instance:mpack.NegetiveTest@4c1d9d4b]" started-at="2020-12-09T01:23:46 EST" name="postest" finished-at="2020-12-09T01:23:46 EST" duration-ms="529" status="PASS">
          <reporter-output>
          </reporter-output>
        </test-method> <!-- postest -->
        <test-method is-config="true" signature="closeall()[pri:0, instance:mpack.NegetiveTest@4c1d9d4b]" started-at="2020-12-09T01:23:46 EST" name="closeall" finished-at="2020-12-09T01:23:48 EST" duration-ms="1121" status="PASS">
          <reporter-output>
          </reporter-output>
        </test-method> <!-- closeall -->
        <test-method is-config="true" signature="setup()[pri:0, instance:mpack.NegetiveTest@4c1d9d4b]" started-at="2020-12-09T01:23:48 EST" name="setup" finished-at="2020-12-09T01:23:53 EST" duration-ms="5716" status="PASS">
          <reporter-output>
          </reporter-output>
        </test-method> <!-- setup -->
        <test-method signature="neg1()[pri:2, instance:mpack.NegetiveTest@4c1d9d4b]" started-at="2020-12-09T01:23:53 EST" name="neg1" finished-at="2020-12-09T01:23:54 EST" duration-ms="312" status="PASS">
          <reporter-output>
          </reporter-output>
        </test-method> <!-- neg1 -->
        <test-method is-config="true" signature="closeall()[pri:0, instance:mpack.NegetiveTest@4c1d9d4b]" started-at="2020-12-09T01:23:54 EST" name="closeall" finished-at="2020-12-09T01:23:54 EST" duration-ms="621" status="PASS">
          <reporter-output>
          </reporter-output>
        </test-method> <!-- closeall -->
        <test-method is-config="true" signature="setup()[pri:0, instance:mpack.NegetiveTest@4c1d9d4b]" started-at="2020-12-09T01:23:54 EST" name="setup" finished-at="2020-12-09T01:24:00 EST" duration-ms="5804" status="PASS">
          <reporter-output>
          </reporter-output>
        </test-method> <!-- setup -->
        <test-method signature="neg2()[pri:3, instance:mpack.NegetiveTest@4c1d9d4b]" started-at="2020-12-09T01:24:00 EST" name="neg2" finished-at="2020-12-09T01:24:00 EST" duration-ms="283" status="PASS">
          <reporter-output>
          </reporter-output>
        </test-method> <!-- neg2 -->
        <test-method is-config="true" signature="closeall()[pri:0, instance:mpack.NegetiveTest@4c1d9d4b]" started-at="2020-12-09T01:24:00 EST" name="closeall" finished-at="2020-12-09T01:24:01 EST" duration-ms="591" status="PASS">
          <reporter-output>
          </reporter-output>
        </test-method> <!-- closeall -->
      </class> <!-- mpack.NegetiveTest -->
    </test> <!-- Default test -->
  </suite> <!-- Default suite -->
</testng-results>
